[Message:   BepInEx] BepInEx 5.4.19.0 - PrincessConnectReDive (5/1/2022 6:12:29 PM)
[Info   :   BepInEx] Running under Unity v2018.4.21.16595221
[Info   :   BepInEx] CLR runtime version: 4.0.30319.42000
[Info   :   BepInEx] Supports SRE: True
[Info   :   BepInEx] System platform: Bits64, Windows
[Message:   BepInEx] Preloader started
[Info   :   BepInEx] Loaded 1 patcher method from [BepInEx.Preloader 5.4.19.0]
[Info   :   BepInEx] 1 patcher plugin loaded
[Info   :   BepInEx] Patching [UnityEngine.CoreModule] with [BepInEx.Chainloader]
[Message:   BepInEx] Preloader finished
[Message:   BepInEx] Chainloader ready
[Message:   BepInEx] Chainloader started
[Info   :   BepInEx] 7 plugins to load
[Warning:   BepInEx] Skipping [XUnity Auto Translator 4.13.0] because a newer version exists (XUnity Auto Translator 5.1.0)
[Warning:   BepInEx] Skipping [XUnity Resource Redirector 1.1.3] because a newer version exists (XUnity Resource Redirector 2.0.0)
[Info   :   BepInEx] Loading [Enable Full Screen Toggle 1.0]
[Info   :   BepInEx] Loading [Fullscreenizer 1.0]
[Info   :   BepInEx] Loading [XUnity Auto Translator 5.1.0]
[Warning:XUnity.AutoTranslator] Could not hook 'UISprite_material_Hook'. Likely due differences between different versions of the engine or text framework.
[Warning:XUnity.AutoTranslator] Image not loaded (no hash): D:\Game\priconner\BepInEx\Translation\en\Texture\Loading Screen\Kurumi_resize.png.
[Info   :XUnity.AutoTranslator] Loaded XUnity.AutoTranslator into Unity [2018.4.21f1] game.
[Info   :   BepInEx] Loading [XUnity Resource Redirector 2.0.0]
[Info   :   BepInEx] Loading [Graphics Settings 1.2.1]
[Message:   BepInEx] Chainloader startup complete
[Info   :XUnity.AutoTranslator] Skipping plugin scan because no plugin-specific translations has been registered.
[Warning:XUnity.AutoTranslator] An error occurred while setting up GoogleTranslate TKK. Could not locate TKK value. Using fallback TKK values instead.
[Info   :XUnity.AutoTranslator] Toggling translations of 542 objects.
[Info   :XUnity.AutoTranslator] Toggling translations of 543 objects.
[Warning:XUnity.AutoTranslator] Pruned translation: 05/14 20:59に=05/14 20:59
[Warning:XUnity.AutoTranslator] Generated backup translation file: D:\Game\priconner\BepInEx\Translation\en\Text\_AutoGeneratedTranslations.txt.20220512073811176.bak
[Warning:XUnity.AutoTranslator] Image not loaded (no hash): D:\Game\priconner\BepInEx\Translation\en\Texture\Loading Screen\Kurumi_resize.png.
[Warning:XUnity.AutoTranslator] Image not loaded (no hash): D:\Game\priconner\BepInEx\Translation\en\Texture\Loading Screen\Kurumi_resize.png.
[Warning:XUnity.AutoTranslator] Image not loaded (no hash): D:\Game\priconner\BepInEx\Translation\en\Texture\Loading Screen\Kurumi_resize.png.
[Warning:XUnity.AutoTranslator] Image not loaded (no hash): D:\Game\priconner\BepInEx\Translation\en\Texture\Loading Screen\Kurumi_resize.png.
[Warning:XUnity.AutoTranslator] Image not loaded (no hash): D:\Game\priconner\BepInEx\Translation\en\Texture\Loading Screen\Kurumi_resize.png.
[Warning:XUnity.AutoTranslator] Image not loaded (no hash): D:\Game\priconner\BepInEx\Translation\en\Texture\Loading Screen\Kurumi_resize.png.
[Warning:XUnity.AutoTranslator] Image not loaded (no hash): D:\Game\priconner\BepInEx\Translation\en\Texture\Loading Screen\Kurumi_resize.png.
[Warning:XUnity.AutoTranslator] Attempted to exceed maximum allowed levels of text parsing recursion!
[Warning:XUnity.AutoTranslator] Image not loaded (no hash): D:\Game\priconner\BepInEx\Translation\en\Texture\Loading Screen\Kurumi_resize.png.
[Warning:XUnity.AutoTranslator] An error occurred while constructing regex translation splitter: 'sr:"^(\d+月)(\d{1,2})日=$1 $2'.
System.Exception: Regex with key: 'sr:"^(\d+月)(\d{1,2})日' starts with a " but does not end with a ".
  at XUnity.AutoTranslator.Plugin.Core.Parsing.RegexTranslationSplitter..ctor (System.String key, System.String value) [0x00075] in <369dd9e4fbad4897a4fae8235ba4292d>:0 
  at XUnity.AutoTranslator.Plugin.Core.TextTranslationCache.LoadTranslationsInStream (System.IO.Stream stream, System.String fullFileName, System.Boolean isOutputFile, System.Boolean isLoad, System.Action`2[T1,T2] addTranslationSplitterRegex, System.Action`2[T1,T2] addTranslationRegex, System.Action`3[T1,T2,T3] addTranslation) [0x000f8] in <369dd9e4fbad4897a4fae8235ba4292d>:0 
[Warning:XUnity.AutoTranslator] An error occurred while constructing regex translation splitter: 'sr:"^(\d+月)(\d{1,2})日=$1 $2'.
System.Exception: Regex with key: 'sr:"^(\d+月)(\d{1,2})日' starts with a " but does not end with a ".
  at XUnity.AutoTranslator.Plugin.Core.Parsing.RegexTranslationSplitter..ctor (System.String key, System.String value) [0x00075] in <369dd9e4fbad4897a4fae8235ba4292d>:0 
  at XUnity.AutoTranslator.Plugin.Core.TextTranslationCache.LoadTranslationsInStream (System.IO.Stream stream, System.String fullFileName, System.Boolean isOutputFile, System.Boolean isLoad, System.Action`2[T1,T2] addTranslationSplitterRegex, System.Action`2[T1,T2] addTranslationRegex, System.Action`3[T1,T2,T3] addTranslation) [0x000f8] in <369dd9e4fbad4897a4fae8235ba4292d>:0 
[Warning:XUnity.AutoTranslator] Image not loaded (no hash): D:\Game\priconner\BepInEx\Translation\en\Texture\Loading Screen\Kurumi_resize.png.
[Warning:XUnity.AutoTranslator] An error occurred while constructing regex translation splitter: 'sr:"^(\d+月)(\d{1,2})日=$1 $2'.
System.Exception: Regex with key: 'sr:"^(\d+月)(\d{1,2})日' starts with a " but does not end with a ".
  at XUnity.AutoTranslator.Plugin.Core.Parsing.RegexTranslationSplitter..ctor (System.String key, System.String value) [0x00075] in <369dd9e4fbad4897a4fae8235ba4292d>:0 
  at XUnity.AutoTranslator.Plugin.Core.TextTranslationCache.LoadTranslationsInStream (System.IO.Stream stream, System.String fullFileName, System.Boolean isOutputFile, System.Boolean isLoad, System.Action`2[T1,T2] addTranslationSplitterRegex, System.Action`2[T1,T2] addTranslationRegex, System.Action`3[T1,T2,T3] addTranslation) [0x000f8] in <369dd9e4fbad4897a4fae8235ba4292d>:0 
[Warning:XUnity.AutoTranslator] An error occurred while constructing regex translation splitter: 'sr:"^(\d+月)(\d{1,2})日=$1 $2'.
System.Exception: Regex with key: 'sr:"^(\d+月)(\d{1,2})日' starts with a " but does not end with a ".
  at XUnity.AutoTranslator.Plugin.Core.Parsing.RegexTranslationSplitter..ctor (System.String key, System.String value) [0x00075] in <369dd9e4fbad4897a4fae8235ba4292d>:0 
  at XUnity.AutoTranslator.Plugin.Core.TextTranslationCache.LoadTranslationsInStream (System.IO.Stream stream, System.String fullFileName, System.Boolean isOutputFile, System.Boolean isLoad, System.Action`2[T1,T2] addTranslationSplitterRegex, System.Action`2[T1,T2] addTranslationRegex, System.Action`3[T1,T2,T3] addTranslation) [0x000f8] in <369dd9e4fbad4897a4fae8235ba4292d>:0 
[Warning:XUnity.AutoTranslator] Image not loaded (no hash): D:\Game\priconner\BepInEx\Translation\en\Texture\Loading Screen\Kurumi_resize.png.
[Warning:XUnity.AutoTranslator] An error occurred while constructing regex translation splitter: 'sr:"^(\d+月)(\d{1,2})日=$1 $2'.
System.Exception: Regex with key: 'sr:"^(\d+月)(\d{1,2})日' starts with a " but does not end with a ".
  at XUnity.AutoTranslator.Plugin.Core.Parsing.RegexTranslationSplitter..ctor (System.String key, System.String value) [0x00075] in <369dd9e4fbad4897a4fae8235ba4292d>:0 
  at XUnity.AutoTranslator.Plugin.Core.TextTranslationCache.LoadTranslationsInStream (System.IO.Stream stream, System.String fullFileName, System.Boolean isOutputFile, System.Boolean isLoad, System.Action`2[T1,T2] addTranslationSplitterRegex, System.Action`2[T1,T2] addTranslationRegex, System.Action`3[T1,T2,T3] addTranslation) [0x000f8] in <369dd9e4fbad4897a4fae8235ba4292d>:0 
[Warning:XUnity.AutoTranslator] An error occurred while constructing regex translation splitter: 'sr:"^(\d+月)(\d{1,2})日=$1 $2'.
System.Exception: Regex with key: 'sr:"^(\d+月)(\d{1,2})日' starts with a " but does not end with a ".
  at XUnity.AutoTranslator.Plugin.Core.Parsing.RegexTranslationSplitter..ctor (System.String key, System.String value) [0x00075] in <369dd9e4fbad4897a4fae8235ba4292d>:0 
  at XUnity.AutoTranslator.Plugin.Core.TextTranslationCache.LoadTranslationsInStream (System.IO.Stream stream, System.String fullFileName, System.Boolean isOutputFile, System.Boolean isLoad, System.Action`2[T1,T2] addTranslationSplitterRegex, System.Action`2[T1,T2] addTranslationRegex, System.Action`3[T1,T2,T3] addTranslation) [0x000f8] in <369dd9e4fbad4897a4fae8235ba4292d>:0 
[Warning:XUnity.AutoTranslator] Image not loaded (no hash): D:\Game\priconner\BepInEx\Translation\en\Texture\Loading Screen\Kurumi_resize.png.
[Warning:XUnity.AutoTranslator] Attempted to exceed maximum allowed levels of text parsing recursion!
[Warning:XUnity.AutoTranslator] Attempted to exceed maximum allowed levels of text parsing recursion!
[Warning:XUnity.AutoTranslator] An error occurred while constructing regex translation splitter: 'sr:"^(\d+月)(\d{1,2})日=$1 $2'.
System.Exception: Regex with key: 'sr:"^(\d+月)(\d{1,2})日' starts with a " but does not end with a ".
  at XUnity.AutoTranslator.Plugin.Core.Parsing.RegexTranslationSplitter..ctor (System.String key, System.String value) [0x00075] in <369dd9e4fbad4897a4fae8235ba4292d>:0 
  at XUnity.AutoTranslator.Plugin.Core.TextTranslationCache.LoadTranslationsInStream (System.IO.Stream stream, System.String fullFileName, System.Boolean isOutputFile, System.Boolean isLoad, System.Action`2[T1,T2] addTranslationSplitterRegex, System.Action`2[T1,T2] addTranslationRegex, System.Action`3[T1,T2,T3] addTranslation) [0x000f8] in <369dd9e4fbad4897a4fae8235ba4292d>:0 
[Warning:XUnity.AutoTranslator] An error occurred while constructing regex translation splitter: 'sr:"^(\d+月)(\d{1,2})日=$1 $2'.
System.Exception: Regex with key: 'sr:"^(\d+月)(\d{1,2})日' starts with a " but does not end with a ".
  at XUnity.AutoTranslator.Plugin.Core.Parsing.RegexTranslationSplitter..ctor (System.String key, System.String value) [0x00075] in <369dd9e4fbad4897a4fae8235ba4292d>:0 
  at XUnity.AutoTranslator.Plugin.Core.TextTranslationCache.LoadTranslationsInStream (System.IO.Stream stream, System.String fullFileName, System.Boolean isOutputFile, System.Boolean isLoad, System.Action`2[T1,T2] addTranslationSplitterRegex, System.Action`2[T1,T2] addTranslationRegex, System.Action`3[T1,T2,T3] addTranslation) [0x000f8] in <369dd9e4fbad4897a4fae8235ba4292d>:0 
[Warning:XUnity.AutoTranslator] Image not loaded (no hash): D:\Game\priconner\BepInEx\Translation\en\Texture\Loading Screen\Kurumi_resize.png.
[Warning:XUnity.AutoTranslator] An error occurred while constructing regex translation splitter: 'sr:"^(\d+月)(\d{1,2})日=$1 $2'.
System.Exception: Regex with key: 'sr:"^(\d+月)(\d{1,2})日' starts with a " but does not end with a ".
  at XUnity.AutoTranslator.Plugin.Core.Parsing.RegexTranslationSplitter..ctor (System.String key, System.String value) [0x00075] in <369dd9e4fbad4897a4fae8235ba4292d>:0 
  at XUnity.AutoTranslator.Plugin.Core.TextTranslationCache.LoadTranslationsInStream (System.IO.Stream stream, System.String fullFileName, System.Boolean isOutputFile, System.Boolean isLoad, System.Action`2[T1,T2] addTranslationSplitterRegex, System.Action`2[T1,T2] addTranslationRegex, System.Action`3[T1,T2,T3] addTranslation) [0x000f8] in <369dd9e4fbad4897a4fae8235ba4292d>:0 
[Warning:XUnity.AutoTranslator] Pruned translation: [3C404E]ボスチケットを[FFBB00,CE4F00]30[-]枚消費して、同じパーティで\nもう一度クエストをプレイします。[-]=[3c404e] Spend the boss ticket [ffbb00, ce4f00] 30 [-] sheets and play the quest again at the same party. [-]
[Warning:XUnity.AutoTranslator] Generated backup translation file: D:\Game\priconner\BepInEx\Translation\en\Text\_AutoGeneratedTranslations.txt.20220512081250219.bak
[Warning:XUnity.AutoTranslator] An error occurred while constructing regex translation splitter: 'sr:"^(\d+月)(\d{1,2})日=$1 $2'.
System.Exception: Regex with key: 'sr:"^(\d+月)(\d{1,2})日' starts with a " but does not end with a ".
  at XUnity.AutoTranslator.Plugin.Core.Parsing.RegexTranslationSplitter..ctor (System.String key, System.String value) [0x00075] in <369dd9e4fbad4897a4fae8235ba4292d>:0 
  at XUnity.AutoTranslator.Plugin.Core.TextTranslationCache.LoadTranslationsInStream (System.IO.Stream stream, System.String fullFileName, System.Boolean isOutputFile, System.Boolean isLoad, System.Action`2[T1,T2] addTranslationSplitterRegex, System.Action`2[T1,T2] addTranslationRegex, System.Action`3[T1,T2,T3] addTranslation) [0x000f8] in <369dd9e4fbad4897a4fae8235ba4292d>:0 
[Warning:XUnity.AutoTranslator] Image not loaded (no hash): D:\Game\priconner\BepInEx\Translation\en\Texture\Loading Screen\Kurumi_resize.png.
[Warning:XUnity.AutoTranslator] An error occurred while constructing regex translation splitter: 'sr:"^(\d+月)(\d{1,2})日=$1 $2'.
System.Exception: Regex with key: 'sr:"^(\d+月)(\d{1,2})日' starts with a " but does not end with a ".
  at XUnity.AutoTranslator.Plugin.Core.Parsing.RegexTranslationSplitter..ctor (System.String key, System.String value) [0x00075] in <369dd9e4fbad4897a4fae8235ba4292d>:0 
  at XUnity.AutoTranslator.Plugin.Core.TextTranslationCache.LoadTranslationsInStream (System.IO.Stream stream, System.String fullFileName, System.Boolean isOutputFile, System.Boolean isLoad, System.Action`2[T1,T2] addTranslationSplitterRegex, System.Action`2[T1,T2] addTranslationRegex, System.Action`3[T1,T2,T3] addTranslation) [0x000f8] in <369dd9e4fbad4897a4fae8235ba4292d>:0 
[Warning:XUnity.AutoTranslator] An error occurred while constructing regex translation splitter: 'sr:"^(\d+月)(\d{1,2})日=$1 $2'.
System.Exception: Regex with key: 'sr:"^(\d+月)(\d{1,2})日' starts with a " but does not end with a ".
  at XUnity.AutoTranslator.Plugin.Core.Parsing.RegexTranslationSplitter..ctor (System.String key, System.String value) [0x00075] in <369dd9e4fbad4897a4fae8235ba4292d>:0 
  at XUnity.AutoTranslator.Plugin.Core.TextTranslationCache.LoadTranslationsInStream (System.IO.Stream stream, System.String fullFileName, System.Boolean isOutputFile, System.Boolean isLoad, System.Action`2[T1,T2] addTranslationSplitterRegex, System.Action`2[T1,T2] addTranslationRegex, System.Action`3[T1,T2,T3] addTranslation) [0x000f8] in <369dd9e4fbad4897a4fae8235ba4292d>:0 
[Warning:XUnity.AutoTranslator] Image not loaded (no hash): D:\Game\priconner\BepInEx\Translation\en\Texture\Loading Screen\Kurumi_resize.png.
[Warning:XUnity.AutoTranslator] An error occurred while constructing regex translation splitter: 'sr:"^(\d+月)(\d{1,2})日=$1 $2'.
System.Exception: Regex with key: 'sr:"^(\d+月)(\d{1,2})日' starts with a " but does not end with a ".
  at XUnity.AutoTranslator.Plugin.Core.Parsing.RegexTranslationSplitter..ctor (System.String key, System.String value) [0x00075] in <369dd9e4fbad4897a4fae8235ba4292d>:0 
  at XUnity.AutoTranslator.Plugin.Core.TextTranslationCache.LoadTranslationsInStream (System.IO.Stream stream, System.String fullFileName, System.Boolean isOutputFile, System.Boolean isLoad, System.Action`2[T1,T2] addTranslationSplitterRegex, System.Action`2[T1,T2] addTranslationRegex, System.Action`3[T1,T2,T3] addTranslation) [0x000f8] in <369dd9e4fbad4897a4fae8235ba4292d>:0 
[Warning:XUnity.AutoTranslator] An error occurred while constructing regex translation splitter: 'sr:"^(\d+月)(\d{1,2})日=$1 $2'.
System.Exception: Regex with key: 'sr:"^(\d+月)(\d{1,2})日' starts with a " but does not end with a ".
  at XUnity.AutoTranslator.Plugin.Core.Parsing.RegexTranslationSplitter..ctor (System.String key, System.String value) [0x00075] in <369dd9e4fbad4897a4fae8235ba4292d>:0 
  at XUnity.AutoTranslator.Plugin.Core.TextTranslationCache.LoadTranslationsInStream (System.IO.Stream stream, System.String fullFileName, System.Boolean isOutputFile, System.Boolean isLoad, System.Action`2[T1,T2] addTranslationSplitterRegex, System.Action`2[T1,T2] addTranslationRegex, System.Action`3[T1,T2,T3] addTranslation) [0x000f8] in <369dd9e4fbad4897a4fae8235ba4292d>:0 
[Warning:XUnity.AutoTranslator] Image not loaded (no hash): D:\Game\priconner\BepInEx\Translation\en\Texture\Loading Screen\Kurumi_resize.png.
[Info   :XUnity.AutoTranslator] Toggling translations of 2556 objects.
[Info   :XUnity.AutoTranslator] Toggling translations of 2671 objects.
[Info   :XUnity.AutoTranslator] Toggling translations of 2594 objects.
[Info   :XUnity.AutoTranslator] Toggling translations of 2593 objects.
[Info   :XUnity.AutoTranslator] Toggling translations of 2592 objects.
[Info   :XUnity.AutoTranslator] Toggling translations of 2592 objects.
[Info   :XUnity.AutoTranslator] Toggling translations of 2592 objects.
[Info   :XUnity.AutoTranslator] Toggling translations of 2592 objects.
[Warning:XUnity.AutoTranslator] An error occurred while constructing regex translation splitter: 'sr:"^(\d+月)(\d{1,2})日=$1 $2'.
System.Exception: Regex with key: 'sr:"^(\d+月)(\d{1,2})日' starts with a " but does not end with a ".
  at XUnity.AutoTranslator.Plugin.Core.Parsing.RegexTranslationSplitter..ctor (System.String key, System.String value) [0x00075] in <369dd9e4fbad4897a4fae8235ba4292d>:0 
  at XUnity.AutoTranslator.Plugin.Core.TextTranslationCache.LoadTranslationsInStream (System.IO.Stream stream, System.String fullFileName, System.Boolean isOutputFile, System.Boolean isLoad, System.Action`2[T1,T2] addTranslationSplitterRegex, System.Action`2[T1,T2] addTranslationRegex, System.Action`3[T1,T2,T3] addTranslation) [0x000f8] in <369dd9e4fbad4897a4fae8235ba4292d>:0 
[Warning:XUnity.AutoTranslator] An error occurred while constructing regex translation splitter: 'sr:"^(\d+月)(\d{1,2})日=$1 $2'.
System.Exception: Regex with key: 'sr:"^(\d+月)(\d{1,2})日' starts with a " but does not end with a ".
  at XUnity.AutoTranslator.Plugin.Core.Parsing.RegexTranslationSplitter..ctor (System.String key, System.String value) [0x00075] in <369dd9e4fbad4897a4fae8235ba4292d>:0 
  at XUnity.AutoTranslator.Plugin.Core.TextTranslationCache.LoadTranslationsInStream (System.IO.Stream stream, System.String fullFileName, System.Boolean isOutputFile, System.Boolean isLoad, System.Action`2[T1,T2] addTranslationSplitterRegex, System.Action`2[T1,T2] addTranslationRegex, System.Action`3[T1,T2,T3] addTranslation) [0x000f8] in <369dd9e4fbad4897a4fae8235ba4292d>:0 
[Warning:XUnity.AutoTranslator] Image not loaded (no hash): D:\Game\priconner\BepInEx\Translation\en\Texture\Loading Screen\Kurumi_resize.png.
[Warning:XUnity.AutoTranslator] An error occurred while constructing regex translation splitter: 'sr:"^(\d+月)(\d{1,2})日=$1 $2'.
System.Exception: Regex with key: 'sr:"^(\d+月)(\d{1,2})日' starts with a " but does not end with a ".
  at XUnity.AutoTranslator.Plugin.Core.Parsing.RegexTranslationSplitter..ctor (System.String key, System.String value) [0x00075] in <369dd9e4fbad4897a4fae8235ba4292d>:0 
  at XUnity.AutoTranslator.Plugin.Core.TextTranslationCache.LoadTranslationsInStream (System.IO.Stream stream, System.String fullFileName, System.Boolean isOutputFile, System.Boolean isLoad, System.Action`2[T1,T2] addTranslationSplitterRegex, System.Action`2[T1,T2] addTranslationRegex, System.Action`3[T1,T2,T3] addTranslation) [0x000f8] in <369dd9e4fbad4897a4fae8235ba4292d>:0 
[Warning:XUnity.AutoTranslator] An error occurred while constructing regex translation splitter: 'sr:"^(\d+月)(\d{1,2})日=$1 $2'.
System.Exception: Regex with key: 'sr:"^(\d+月)(\d{1,2})日' starts with a " but does not end with a ".
  at XUnity.AutoTranslator.Plugin.Core.Parsing.RegexTranslationSplitter..ctor (System.String key, System.String value) [0x00075] in <369dd9e4fbad4897a4fae8235ba4292d>:0 
  at XUnity.AutoTranslator.Plugin.Core.TextTranslationCache.LoadTranslationsInStream (System.IO.Stream stream, System.String fullFileName, System.Boolean isOutputFile, System.Boolean isLoad, System.Action`2[T1,T2] addTranslationSplitterRegex, System.Action`2[T1,T2] addTranslationRegex, System.Action`3[T1,T2,T3] addTranslation) [0x000f8] in <369dd9e4fbad4897a4fae8235ba4292d>:0 
[Warning:XUnity.AutoTranslator] Image not loaded (no hash): D:\Game\priconner\BepInEx\Translation\en\Texture\Loading Screen\Kurumi_resize.png.
[Warning:XUnity.AutoTranslator] Attempted to exceed maximum allowed levels of text parsing recursion!
[Warning:XUnity.AutoTranslator] Attempted to exceed maximum allowed levels of text parsing recursion!
[Warning:XUnity.AutoTranslator] Attempted to exceed maximum allowed levels of text parsing recursion!
[Warning:XUnity.AutoTranslator] Attempted to exceed maximum allowed levels of text parsing recursion!
[Warning:XUnity.AutoTranslator] Attempted to exceed maximum allowed levels of text parsing recursion!
[Warning:XUnity.AutoTranslator] Attempted to exceed maximum allowed levels of text parsing recursion!
[Warning:XUnity.AutoTranslator] Attempted to exceed maximum allowed levels of text parsing recursion!
[Warning:XUnity.AutoTranslator] Attempted to exceed maximum allowed levels of text parsing recursion!
[Warning:XUnity.AutoTranslator] Image not loaded (no hash): D:\Game\priconner\BepInEx\Translation\en\Texture\Loading Screen\Kurumi_resize.png.
[Warning:XUnity.AutoTranslator] An error occurred while handling the UI discovery.
System.NullReferenceException
  at (wrapper managed-to-native) UnityEngine.Component.get_gameObject(UnityEngine.Component)
  at XUnity.AutoTranslator.Plugin.Core.Extensions.ComponentExtensions.IsComponentActive (System.Object ui) [0x0000a] in <369dd9e4fbad4897a4fae8235ba4292d>:0 
  at XUnity.AutoTranslator.Plugin.Core.AutoTranslationPlugin.DiscoverComponent (System.Object ui, XUnity.AutoTranslator.Plugin.Core.TextTranslationInfo info) [0x00006] in <369dd9e4fbad4897a4fae8235ba4292d>:0 
[Warning:XUnity.AutoTranslator] An unexpected error occurred.
System.NullReferenceException
  at (wrapper managed-to-native) UnityEngine.Component.get_gameObject(UnityEngine.Component)
  at XUnity.AutoTranslator.Plugin.Core.Extensions.ComponentExtensions.IsComponentActive (System.Object ui) [0x0000a] in <369dd9e4fbad4897a4fae8235ba4292d>:0 
  at XUnity.AutoTranslator.Plugin.Core.AutoTranslationPlugin.TranslateOrQueueWebJobImmediate (System.Object ui, System.String text, System.Int32 scope, XUnity.AutoTranslator.Plugin.Core.TextTranslationInfo info, System.Boolean allowStabilizationOnTextComponent, System.Boolean ignoreComponentState, System.Boolean allowStartTranslationImmediate, System.Boolean allowStartTranslationLater, XUnity.AutoTranslator.Plugin.Core.IReadOnlyTextTranslationCache tc, XUnity.AutoTranslator.Plugin.Core.Endpoints.UntranslatedTextInfo untranslatedTextContext, XUnity.AutoTranslator.Plugin.Core.ParserTranslationContext context) [0x00088] in <369dd9e4fbad4897a4fae8235ba4292d>:0 
  at XUnity.AutoTranslator.Plugin.Core.AutoTranslationPlugin.TranslateOrQueueWebJob (System.Object ui, System.String text, System.Boolean ignoreComponentState, XUnity.AutoTranslator.Plugin.Core.TextTranslationInfo info) [0x0003d] in <369dd9e4fbad4897a4fae8235ba4292d>:0 
  at XUnity.AutoTranslator.Plugin.Core.AutoTranslationPlugin.Hook_TextChanged (System.Object ui, System.Boolean onEnable) [0x00038] in <369dd9e4fbad4897a4fae8235ba4292d>:0 
[Warning:XUnity.AutoTranslator] An error occurred while handling the UI discovery.
System.NullReferenceException
  at (wrapper managed-to-native) UnityEngine.Component.get_gameObject(UnityEngine.Component)
  at XUnity.AutoTranslator.Plugin.Core.Extensions.ComponentExtensions.IsComponentActive (System.Object ui) [0x0000a] in <369dd9e4fbad4897a4fae8235ba4292d>:0 
  at XUnity.AutoTranslator.Plugin.Core.AutoTranslationPlugin.DiscoverComponent (System.Object ui, XUnity.AutoTranslator.Plugin.Core.TextTranslationInfo info) [0x00006] in <369dd9e4fbad4897a4fae8235ba4292d>:0 
[Warning:XUnity.AutoTranslator] An unexpected error occurred.
System.NullReferenceException
  at (wrapper managed-to-native) UnityEngine.Component.get_gameObject(UnityEngine.Component)
  at XUnity.AutoTranslator.Plugin.Core.Extensions.ComponentExtensions.IsComponentActive (System.Object ui) [0x0000a] in <369dd9e4fbad4897a4fae8235ba4292d>:0 
  at XUnity.AutoTranslator.Plugin.Core.AutoTranslationPlugin.TranslateOrQueueWebJobImmediate (System.Object ui, System.String text, System.Int32 scope, XUnity.AutoTranslator.Plugin.Core.TextTranslationInfo info, System.Boolean allowStabilizationOnTextComponent, System.Boolean ignoreComponentState, System.Boolean allowStartTranslationImmediate, System.Boolean allowStartTranslationLater, XUnity.AutoTranslator.Plugin.Core.IReadOnlyTextTranslationCache tc, XUnity.AutoTranslator.Plugin.Core.Endpoints.UntranslatedTextInfo untranslatedTextContext, XUnity.AutoTranslator.Plugin.Core.ParserTranslationContext context) [0x00088] in <369dd9e4fbad4897a4fae8235ba4292d>:0 
  at XUnity.AutoTranslator.Plugin.Core.AutoTranslationPlugin.TranslateOrQueueWebJob (System.Object ui, System.String text, System.Boolean ignoreComponentState, XUnity.AutoTranslator.Plugin.Core.TextTranslationInfo info) [0x0003d] in <369dd9e4fbad4897a4fae8235ba4292d>:0 
  at XUnity.AutoTranslator.Plugin.Core.AutoTranslationPlugin.Hook_TextChanged (System.Object ui, System.Boolean onEnable) [0x00038] in <369dd9e4fbad4897a4fae8235ba4292d>:0 
[Warning:XUnity.AutoTranslator] An error occurred while handling the UI discovery.
System.NullReferenceException
  at (wrapper managed-to-native) UnityEngine.Component.get_gameObject(UnityEngine.Component)
  at XUnity.AutoTranslator.Plugin.Core.Extensions.ComponentExtensions.IsComponentActive (System.Object ui) [0x0000a] in <369dd9e4fbad4897a4fae8235ba4292d>:0 
  at XUnity.AutoTranslator.Plugin.Core.AutoTranslationPlugin.DiscoverComponent (System.Object ui, XUnity.AutoTranslator.Plugin.Core.TextTranslationInfo info) [0x00006] in <369dd9e4fbad4897a4fae8235ba4292d>:0 
[Warning:XUnity.AutoTranslator] An unexpected error occurred.
System.NullReferenceException
  at (wrapper managed-to-native) UnityEngine.Component.get_gameObject(UnityEngine.Component)
  at XUnity.AutoTranslator.Plugin.Core.Extensions.ComponentExtensions.IsComponentActive (System.Object ui) [0x0000a] in <369dd9e4fbad4897a4fae8235ba4292d>:0 
  at XUnity.AutoTranslator.Plugin.Core.AutoTranslationPlugin.TranslateOrQueueWebJobImmediate (System.Object ui, System.String text, System.Int32 scope, XUnity.AutoTranslator.Plugin.Core.TextTranslationInfo info, System.Boolean allowStabilizationOnTextComponent, System.Boolean ignoreComponentState, System.Boolean allowStartTranslationImmediate, System.Boolean allowStartTranslationLater, XUnity.AutoTranslator.Plugin.Core.IReadOnlyTextTranslationCache tc, XUnity.AutoTranslator.Plugin.Core.Endpoints.UntranslatedTextInfo untranslatedTextContext, XUnity.AutoTranslator.Plugin.Core.ParserTranslationContext context) [0x00088] in <369dd9e4fbad4897a4fae8235ba4292d>:0 
  at XUnity.AutoTranslator.Plugin.Core.AutoTranslationPlugin.TranslateOrQueueWebJob (System.Object ui, System.String text, System.Boolean ignoreComponentState, XUnity.AutoTranslator.Plugin.Core.TextTranslationInfo info) [0x0003d] in <369dd9e4fbad4897a4fae8235ba4292d>:0 
  at XUnity.AutoTranslator.Plugin.Core.AutoTranslationPlugin.Hook_TextChanged (System.Object ui, System.Boolean onEnable) [0x00038] in <369dd9e4fbad4897a4fae8235ba4292d>:0 
[Warning:XUnity.AutoTranslator] Attempted to exceed maximum allowed levels of text parsing recursion!
[Warning:XUnity.AutoTranslator] Attempted to exceed maximum allowed levels of text parsing recursion!
[Warning:XUnity.AutoTranslator] Attempted to exceed maximum allowed levels of text parsing recursion!
[Warning:XUnity.AutoTranslator] Attempted to exceed maximum allowed levels of text parsing recursion!
[Warning:XUnity.AutoTranslator] Attempted to exceed maximum allowed levels of text parsing recursion!
[Warning:XUnity.AutoTranslator] Attempted to exceed maximum allowed levels of text parsing recursion!
[Warning:XUnity.AutoTranslator] Attempted to exceed maximum allowed levels of text parsing recursion!
[Warning:XUnity.AutoTranslator] Attempted to exceed maximum allowed levels of text parsing recursion!
